<?xml version="1.0" encoding="UTF-8"?>
<!-- Generated by org.testng.reporters.JUnitReportReporter -->
<testsuite skipped="0" hostname="PradeepT-MacMini.local" name="com.POI.test.POItest.AppTest" tests="4" failures="0" timestamp="25 May 2017 07:39:33 GMT" time="0.017" errors="0">
  <testcase name="setData" time="0.002" classname="com.POI.test.POItest.AppTest"/>
  <testcase name="setData" time="0.002" classname="com.POI.test.POItest.AppTest"/>
  <testcase name="setData" time="0.011" classname="com.POI.test.POItest.AppTest"/>
  <testcase name="setData" time="0.002" classname="com.POI.test.POItest.AppTest"/>
</testsuite> <!-- com.POI.test.POItest.AppTest -->
